{"name": "test_valid_login", "status": "broken", "statusDetails": {"message": "selenium.common.exceptions.TimeoutException: Message:", "trace": "self = <test_login.TestLogin object at 0x10667dc10>\n\n    @allure.story('Successful Login')\n    @allure.severity(allure.severity_level.CRITICAL)\n    def test_valid_login(self):\n        with allure.step(\"Entering username\"):\n            self.login_page.enter_username(USERNAME)\n        with allure.step(\"Entering password\"):\n            self.login_page.enter_password(PASSWORD)\n        with allure.step(\"Clicking checkbox\"):\n            self.login_page.click_checkbox()\n        with allure.step(\"Clicking pop-up confirmation button\"):\n            self.login_page.click_popup_button()\n        with allure.step(\"Clicking login button\"):\n>           self.login_page.click_login()\n\nTests/test_login.py:29: \n_ _ _ _ _ _ _ _ _ _ _ _ _ _ _ _ _ _ _ _ _ _ _ _ _ _ _ _ _ _ _ _ _ _ _ _ _ _ _ _ _ _ _ _ _ _ _ _ _ _ _ _ _ _ _ _ _ _ _ _ _ _ _ _ _ _ _ _ _ _ _ _ _ _ _ _ _ _ _ _ _ _ _ _ _ _ _ _ \npages/login_page.py:43: in click_login\n    login_button_element = wait.until(EC.element_to_be_clickable(self.login_button))\n_ _ _ _ _ _ _ _ _ _ _ _ _ _ _ _ _ _ _ _ _ _ _ _ _ _ _ _ _ _ _ _ _ _ _ _ _ _ _ _ _ _ _ _ _ _ _ _ _ _ _ _ _ _ _ _ _ _ _ _ _ _ _ _ _ _ _ _ _ _ _ _ _ _ _ _ _ _ _ _ _ _ _ _ _ _ _ _ \n\nself = <selenium.webdriver.support.wait.WebDriverWait (session=\"fef168611b28b0bf127d96f2c95f9355\")>\nmethod = <function element_to_be_clickable.<locals>._predicate at 0x105f5cd30>, message = ''\n\n    def until(self, method: Callable[[D], Union[Literal[False], T]], message: str = \"\") -> T:\n        \"\"\"Calls the method provided with the driver as an argument until the \\\n        return value does not evaluate to ``False``.\n    \n        :param method: callable(WebDriver)\n        :param message: optional message for :exc:`TimeoutException`\n        :returns: the result of the last call to `method`\n        :raises: :exc:`selenium.common.exceptions.TimeoutException` if timeout occurs\n        \"\"\"\n        screen = None\n        stacktrace = None\n    \n        end_time = time.monotonic() + self._timeout\n        while True:\n            try:\n                value = method(self._driver)\n                if value:\n                    return value\n            except self._ignored_exceptions as exc:\n                screen = getattr(exc, \"screen\", None)\n                stacktrace = getattr(exc, \"stacktrace\", None)\n            time.sleep(self._poll)\n            if time.monotonic() > end_time:\n                break\n>       raise TimeoutException(message, screen, stacktrace)\nE       selenium.common.exceptions.TimeoutException: Message:\n\n.venv/lib/python3.9/site-packages/selenium/webdriver/support/wait.py:105: TimeoutException"}, "steps": [{"name": "Entering username", "status": "passed", "start": 1726741170704, "stop": 1726741172842}, {"name": "Entering password", "status": "passed", "start": 1726741172843, "stop": 1726741172874}, {"name": "Clicking checkbox", "status": "passed", "start": 1726741172875, "stop": 1726741177930}, {"name": "Clicking pop-up confirmation button", "status": "passed", "start": 1726741177931, "stop": 1726741181542}, {"name": "Clicking login button", "status": "broken", "statusDetails": {"message": "selenium.common.exceptions.TimeoutException: Message: \n\n", "trace": "  File \"/Users/ugurakyay/Desktop/easyPoint_WEB_Automation/Admin_Panel_Automation/Tests/test_login.py\", line 29, in test_valid_login\n    self.login_page.click_login()\n  File \"/Users/ugurakyay/Desktop/easyPoint_WEB_Automation/Admin_Panel_Automation/pages/login_page.py\", line 43, in click_login\n    login_button_element = wait.until(EC.element_to_be_clickable(self.login_button))\n  File \"/Users/ugurakyay/Desktop/easyPoint_WEB_Automation/Admin_Panel_Automation/.venv/lib/python3.9/site-packages/selenium/webdriver/support/wait.py\", line 105, in until\n    raise TimeoutException(message, screen, stacktrace)\n"}, "start": 1726741181542, "stop": 1726741191889}], "attachments": [{"name": "stdout", "source": "5754b0d2-565c-405f-aaf5-1ee5eb43318e-attachment.txt", "type": "text/plain"}], "start": 1726741170704, "stop": 1726741191896, "uuid": "9c2bc665-0b63-4de5-8d8e-53b777ed3fb9", "historyId": "13e5c7e681f4390d8ce9b5e655a76296", "testCaseId": "13e5c7e681f4390d8ce9b5e655a76296", "fullName": "Tests.test_login.TestLogin#test_valid_login", "labels": [{"name": "story", "value": "Successful Login"}, {"name": "severity", "value": "critical"}, {"name": "feature", "value": "Login Feature"}, {"name": "parentSuite", "value": "Tests"}, {"name": "suite", "value": "test_login"}, {"name": "subSuite", "value": "TestLogin"}, {"name": "host", "value": "ugur-MacBook-Pro.local"}, {"name": "thread", "value": "50290-MainThread"}, {"name": "framework", "value": "pytest"}, {"name": "language", "value": "cpython3"}, {"name": "package", "value": "Tests.test_login"}]}