{"name": "test_valid_login", "status": "broken", "statusDetails": {"message": "selenium.common.exceptions.ElementClickInterceptedException: Message: element click intercepted: Element <button class=\"MuiButtonBase-root MuiButton-root MuiLoadingButton-root MuiButton-contained MuiButton-containedPrimary MuiButton-sizeLarge MuiButton-containedSizeLarge MuiButton-fullWidth Mui-disabled MuiButton-root MuiLoadingButton-root MuiButton-contained MuiButton-containedPrimary MuiButton-sizeLarge MuiButton-containedSizeLarge MuiButton-fullWidth css-f9e7ug-MuiButtonBase-root-MuiButton-root-MuiLoadingButton-root\" tabindex=\"-1\" type=\"submit\" disabled=\"\" id=\":r2:\">...</button> is not clickable at point (885, 524). Other element would receive the click: <p style=\"text-align: justify\">...</p>\n  (Session info: chrome=128.0.6613.139)\nStacktrace:\n0   chromedriver                        0x0000000101435208 cxxbridge1$str$ptr + 1927396\n1   chromedriver                        0x000000010142d66c cxxbridge1$str$ptr + 1895752\n2   chromedriver                        0x0000000101028808 cxxbridge1$string$len + 89564\n3   chromedriver                        0x00000001010723b8 cxxbridge1$string$len + 391564\n4   chromedriver                        0x00000001010709e4 cxxbridge1$string$len + 384952\n5   chromedriver                        0x000000010106ec10 cxxbridge1$string$len + 377316\n6   chromedriver                        0x000000010106e15c cxxbridge1$string$len + 374576\n7   chromedriver                        0x00000001010635d4 cxxbridge1$string$len + 330664\n8   chromedriver                        0x0000000101063064 cxxbridge1$string$len + 329272\n9   chromedriver                        0x00000001010a6228 cxxbridge1$string$len + 604156\n10  chromedriver                        0x0000000101061698 cxxbridge1$string$len + 322668\n11  chromedriver                        0x0000000101062310 cxxbridge1$string$len + 325860\n12  chromedriver                        0x00000001013fbe78 cxxbridge1$str$ptr + 1693012\n13  chromedriver                        0x000000010140077c cxxbridge1$str$ptr + 1711704\n14  chromedriver                        0x00000001013e13ec cxxbridge1$str$ptr + 1583816\n15  chromedriver                        0x000000010140104c cxxbridge1$str$ptr + 1713960\n16  chromedriver                        0x00000001013d1fc8 cxxbridge1$str$ptr + 1521316\n17  chromedriver                        0x000000010141eb68 cxxbridge1$str$ptr + 1835588\n18  chromedriver                        0x000000010141ece4 cxxbridge1$str$ptr + 1835968\n19  chromedriver                        0x000000010142d308 cxxbridge1$str$ptr + 1894884\n20  libsystem_pthread.dylib             0x000000019edaf2e4 _pthread_start + 136\n21  libsystem_pthread.dylib             0x000000019edaa0fc thread_start + 8", "trace": "self = <test_login.TestLogin object at 0x104247fa0>\n\n    @allure.story('Successful Login')\n    @allure.severity(allure.severity_level.CRITICAL)\n    def test_valid_login(self):\n        with allure.step(\"Entering username\"):\n            self.login_page.enter_username(USERNAME)\n        with allure.step(\"Entering password\"):\n            self.login_page.enter_password(PASSWORD)\n        with allure.step(\"Clicking checkbox\"):\n            self.login_page.click_checkbox()  # Checkbox'a tıklama işlemi\n        with allure.step(\"Clicking pop-up confirmation button\"):\n            self.login_page.click_popup_button()  # Pop-up onay butonuna tıklama\n        with allure.step(\"Clicking login button\"):\n>           self.login_page.click_login()\n\nTests/test_login.py:29: \n_ _ _ _ _ _ _ _ _ _ _ _ _ _ _ _ _ _ _ _ _ _ _ _ _ _ _ _ _ _ _ _ _ _ _ _ _ _ _ _ _ _ _ _ _ _ _ _ _ _ _ _ _ _ _ _ _ _ _ _ _ _ _ _ _ _ _ _ _ _ _ _ _ _ \npages/login_page.py:31: in click_login\n    self.driver.find_element(*self.login_button).click()\n.venv/lib/python3.9/site-packages/selenium/webdriver/remote/webelement.py:94: in click\n    self._execute(Command.CLICK_ELEMENT)\n.venv/lib/python3.9/site-packages/selenium/webdriver/remote/webelement.py:395: in _execute\n    return self._parent.execute(command, params)\n.venv/lib/python3.9/site-packages/selenium/webdriver/remote/webdriver.py:354: in execute\n    self.error_handler.check_response(response)\n_ _ _ _ _ _ _ _ _ _ _ _ _ _ _ _ _ _ _ _ _ _ _ _ _ _ _ _ _ _ _ _ _ _ _ _ _ _ _ _ _ _ _ _ _ _ _ _ _ _ _ _ _ _ _ _ _ _ _ _ _ _ _ _ _ _ _ _ _ _ _ _ _ _ \n\nself = <selenium.webdriver.remote.errorhandler.ErrorHandler object at 0x104264340>\nresponse = {'status': 400, 'value': '{\"value\":{\"error\":\"element click intercepted\",\"message\":\"element click intercepted: Element ...00019edaf2e4 _pthread_start + 136\\\\n21  libsystem_pthread.dylib             0x000000019edaa0fc thread_start + 8\\\\n\"}}'}\n\n    def check_response(self, response: Dict[str, Any]) -> None:\n        \"\"\"Checks that a JSON response from the WebDriver does not have an\n        error.\n    \n        :Args:\n         - response - The JSON response from the WebDriver server as a dictionary\n           object.\n    \n        :Raises: If the response contains an error message.\n        \"\"\"\n        status = response.get(\"status\", None)\n        if not status or status == ErrorCode.SUCCESS:\n            return\n        value = None\n        message = response.get(\"message\", \"\")\n        screen: str = response.get(\"screen\", \"\")\n        stacktrace = None\n        if isinstance(status, int):\n            value_json = response.get(\"value\", None)\n            if value_json and isinstance(value_json, str):\n                import json\n    \n                try:\n                    value = json.loads(value_json)\n                    if len(value) == 1:\n                        value = value[\"value\"]\n                    status = value.get(\"error\", None)\n                    if not status:\n                        status = value.get(\"status\", ErrorCode.UNKNOWN_ERROR)\n                        message = value.get(\"value\") or value.get(\"message\")\n                        if not isinstance(message, str):\n                            value = message\n                            message = message.get(\"message\")\n                    else:\n                        message = value.get(\"message\", None)\n                except ValueError:\n                    pass\n    \n        exception_class: Type[WebDriverException]\n        e = ErrorCode()\n        error_codes = [item for item in dir(e) if not item.startswith(\"__\")]\n        for error_code in error_codes:\n            error_info = getattr(ErrorCode, error_code)\n            if isinstance(error_info, list) and status in error_info:\n                exception_class = getattr(ExceptionMapping, error_code, WebDriverException)\n                break\n        else:\n            exception_class = WebDriverException\n    \n        if not value:\n            value = response[\"value\"]\n        if isinstance(value, str):\n            raise exception_class(value)\n        if message == \"\" and \"message\" in value:\n            message = value[\"message\"]\n    \n        screen = None  # type: ignore[assignment]\n        if \"screen\" in value:\n            screen = value[\"screen\"]\n    \n        stacktrace = None\n        st_value = value.get(\"stackTrace\") or value.get(\"stacktrace\")\n        if st_value:\n            if isinstance(st_value, str):\n                stacktrace = st_value.split(\"\\n\")\n            else:\n                stacktrace = []\n                try:\n                    for frame in st_value:\n                        line = frame.get(\"lineNumber\", \"\")\n                        file = frame.get(\"fileName\", \"<anonymous>\")\n                        if line:\n                            file = f\"{file}:{line}\"\n                        meth = frame.get(\"methodName\", \"<anonymous>\")\n                        if \"className\" in frame:\n                            meth = f\"{frame['className']}.{meth}\"\n                        msg = \"    at %s (%s)\"\n                        msg = msg % (meth, file)\n                        stacktrace.append(msg)\n                except TypeError:\n                    pass\n        if exception_class == UnexpectedAlertPresentException:\n            alert_text = None\n            if \"data\" in value:\n                alert_text = value[\"data\"].get(\"text\")\n            elif \"alert\" in value:\n                alert_text = value[\"alert\"].get(\"text\")\n            raise exception_class(message, screen, stacktrace, alert_text)  # type: ignore[call-arg]  # mypy is not smart enough here\n>       raise exception_class(message, screen, stacktrace)\nE       selenium.common.exceptions.ElementClickInterceptedException: Message: element click intercepted: Element <button class=\"MuiButtonBase-root MuiButton-root MuiLoadingButton-root MuiButton-contained MuiButton-containedPrimary MuiButton-sizeLarge MuiButton-containedSizeLarge MuiButton-fullWidth Mui-disabled MuiButton-root MuiLoadingButton-root MuiButton-contained MuiButton-containedPrimary MuiButton-sizeLarge MuiButton-containedSizeLarge MuiButton-fullWidth css-f9e7ug-MuiButtonBase-root-MuiButton-root-MuiLoadingButton-root\" tabindex=\"-1\" type=\"submit\" disabled=\"\" id=\":r2:\">...</button> is not clickable at point (885, 524). Other element would receive the click: <p style=\"text-align: justify\">...</p>\nE         (Session info: chrome=128.0.6613.139)\nE       Stacktrace:\nE       0   chromedriver                        0x0000000101435208 cxxbridge1$str$ptr + 1927396\nE       1   chromedriver                        0x000000010142d66c cxxbridge1$str$ptr + 1895752\nE       2   chromedriver                        0x0000000101028808 cxxbridge1$string$len + 89564\nE       3   chromedriver                        0x00000001010723b8 cxxbridge1$string$len + 391564\nE       4   chromedriver                        0x00000001010709e4 cxxbridge1$string$len + 384952\nE       5   chromedriver                        0x000000010106ec10 cxxbridge1$string$len + 377316\nE       6   chromedriver                        0x000000010106e15c cxxbridge1$string$len + 374576\nE       7   chromedriver                        0x00000001010635d4 cxxbridge1$string$len + 330664\nE       8   chromedriver                        0x0000000101063064 cxxbridge1$string$len + 329272\nE       9   chromedriver                        0x00000001010a6228 cxxbridge1$string$len + 604156\nE       10  chromedriver                        0x0000000101061698 cxxbridge1$string$len + 322668\nE       11  chromedriver                        0x0000000101062310 cxxbridge1$string$len + 325860\nE       12  chromedriver                        0x00000001013fbe78 cxxbridge1$str$ptr + 1693012\nE       13  chromedriver                        0x000000010140077c cxxbridge1$str$ptr + 1711704\nE       14  chromedriver                        0x00000001013e13ec cxxbridge1$str$ptr + 1583816\nE       15  chromedriver                        0x000000010140104c cxxbridge1$str$ptr + 1713960\nE       16  chromedriver                        0x00000001013d1fc8 cxxbridge1$str$ptr + 1521316\nE       17  chromedriver                        0x000000010141eb68 cxxbridge1$str$ptr + 1835588\nE       18  chromedriver                        0x000000010141ece4 cxxbridge1$str$ptr + 1835968\nE       19  chromedriver                        0x000000010142d308 cxxbridge1$str$ptr + 1894884\nE       20  libsystem_pthread.dylib             0x000000019edaf2e4 _pthread_start + 136\nE       21  libsystem_pthread.dylib             0x000000019edaa0fc thread_start + 8\n\n.venv/lib/python3.9/site-packages/selenium/webdriver/remote/errorhandler.py:229: ElementClickInterceptedException"}, "steps": [{"name": "Entering username", "status": "passed", "start": 1726607939417, "stop": 1726607941559}, {"name": "Entering password", "status": "passed", "start": 1726607941559, "stop": 1726607941610}, {"name": "Clicking checkbox", "status": "passed", "start": 1726607941610, "stop": 1726607943684}, {"name": "Clicking pop-up confirmation button", "status": "passed", "start": 1726607943685, "stop": 1726607943685}, {"name": "Clicking login button", "status": "broken", "statusDetails": {"message": "selenium.common.exceptions.ElementClickInterceptedException: Message: element click intercepted: Element <button class=\"MuiButtonBase-root MuiButton-root MuiLoadingButton-root MuiButton-contained MuiButton-containedPrimary MuiButton-sizeLarge MuiButton-containedSizeLarge MuiButton-fullWidth Mui-disabled MuiButton-root MuiLoadingButton-root MuiButton-contained MuiButton-containedPrimary MuiButton-sizeLarge MuiButton-containedSizeLarge MuiButton-fullWidth css-f9e7ug-MuiButtonBase-root-MuiButton-root-MuiLoadingButton-root\" tabindex=\"-1\" type=\"submit\" disabled=\"\" id=\":r2:\">...</button> is not clickable at point (885, 524). Other element would receive the click: <p style=\"text-align: justify\">...</p>\n  (Session info: chrome=128.0.6613.139)\nStacktrace:\n0   chromedriver                        0x0000000101435208 cxxbridge1$str$ptr + 1927396\n1   chromedriver                        0x000000010142d66c cxxbridge1$str$ptr + 1895752\n2   chromedriver                        0x0000000101028808 cxxbridge1$string$len + 89564\n3   chromedriver                        0x00000001010723b8 cxxbridge1$string$len + 391564\n4   chromedriver                        0x00000001010709e4 cxxbridge1$string$len + 384952\n5   chromedriver                        0x000000010106ec10 cxxbridge1$string$len + 377316\n6   chromedriver                        0x000000010106e15c cxxbridge1$string$len + 374576\n7   chromedriver                        0x00000001010635d4 cxxbridge1$string$len + 330664\n8   chromedriver                        0x0000000101063064 cxxbridge1$string$len + 329272\n9   chromedriver                        0x00000001010a6228 cxxbridge1$string$len + 604156\n10  chromedriver                        0x0000000101061698 cxxbridge1$string$len + 322668\n11  chromedriver                        0x0000000101062310 cxxbridge1$string$len + 325860\n12  chromedriver                        0x00000001013fbe78 cxxbridge1$str$ptr + 1693012\n13  chromedriver                        0x000000010140077c cxxbridge1$str$ptr + 1711704\n14  chromedriver                        0x00000001013e13ec cxxbridge1$str$ptr + 1583816\n15  chromedriver                        0x000000010140104c cxxbridge1$str$ptr + 1713960\n16  chromedriver                        0x00000001013d1fc8 cxxbridge1$str$ptr + 1521316\n17  chromedriver                        0x000000010141eb68 cxxbridge1$str$ptr + 1835588\n18  chromedriver                        0x000000010141ece4 cxxbridge1$str$ptr + 1835968\n19  chromedriver                        0x000000010142d308 cxxbridge1$str$ptr + 1894884\n20  libsystem_pthread.dylib             0x000000019edaf2e4 _pthread_start + 136\n21  libsystem_pthread.dylib             0x000000019edaa0fc thread_start + 8\n\n", "trace": "  File \"/Users/ugurakyay/Desktop/easyPoint_WEB_Automation/Admin_Panel_Automation/Tests/test_login.py\", line 29, in test_valid_login\n    self.login_page.click_login()\n  File \"/Users/ugurakyay/Desktop/easyPoint_WEB_Automation/Admin_Panel_Automation/pages/login_page.py\", line 31, in click_login\n    self.driver.find_element(*self.login_button).click()\n  File \"/Users/ugurakyay/Desktop/easyPoint_WEB_Automation/Admin_Panel_Automation/.venv/lib/python3.9/site-packages/selenium/webdriver/remote/webelement.py\", line 94, in click\n    self._execute(Command.CLICK_ELEMENT)\n  File \"/Users/ugurakyay/Desktop/easyPoint_WEB_Automation/Admin_Panel_Automation/.venv/lib/python3.9/site-packages/selenium/webdriver/remote/webelement.py\", line 395, in _execute\n    return self._parent.execute(command, params)\n  File \"/Users/ugurakyay/Desktop/easyPoint_WEB_Automation/Admin_Panel_Automation/.venv/lib/python3.9/site-packages/selenium/webdriver/remote/webdriver.py\", line 354, in execute\n    self.error_handler.check_response(response)\n  File \"/Users/ugurakyay/Desktop/easyPoint_WEB_Automation/Admin_Panel_Automation/.venv/lib/python3.9/site-packages/selenium/webdriver/remote/errorhandler.py\", line 229, in check_response\n    raise exception_class(message, screen, stacktrace)\n"}, "start": 1726607943685, "stop": 1726607944777}], "start": 1726607939417, "stop": 1726607944789, "uuid": "42269201-d768-497b-b339-c09a7efd5cfa", "historyId": "13e5c7e681f4390d8ce9b5e655a76296", "testCaseId": "13e5c7e681f4390d8ce9b5e655a76296", "fullName": "Tests.test_login.TestLogin#test_valid_login", "labels": [{"name": "severity", "value": "critical"}, {"name": "story", "value": "Successful Login"}, {"name": "feature", "value": "Login Feature"}, {"name": "parentSuite", "value": "Tests"}, {"name": "suite", "value": "test_login"}, {"name": "subSuite", "value": "TestLogin"}, {"name": "host", "value": "ugur-MacBook-Pro.local"}, {"name": "thread", "value": "11251-MainThread"}, {"name": "framework", "value": "pytest"}, {"name": "language", "value": "cpython3"}, {"name": "package", "value": "Tests.test_login"}]}