{"name": "test_valid_login", "status": "failed", "statusDetails": {"message": "AssertionError: assert 'Dashboard' in 'Login | Mall Logistics Panel'\n +  where 'Login | Mall Logistics Panel' = <selenium.webdriver.chrome.webdriver.WebDriver (session=\"9dfdce9afb656a988107ef83026f7b53\")>.title\n +    where <selenium.webdriver.chrome.webdriver.WebDriver (session=\"9dfdce9afb656a988107ef83026f7b53\")> = <test_login.TestSuite object at 0x102a61ee0>.driver", "trace": "self = <test_login.TestSuite object at 0x102a61ee0>\n\n    @allure.story('Successful Login')\n    @allure.severity(allure.severity_level.CRITICAL)\n    def test_valid_login(self):\n        with allure.step(\"Entering username\"):\n            self.login_page.enter_username(USERNAME)\n        with allure.step(\"Entering password\"):\n            self.login_page.enter_password(PASSWORD)\n        with allure.step(\"Clicking checkbox\"):\n            self.login_page.click_checkbox()\n        with allure.step(\"Clicking pop-up confirmation button\"):\n            self.login_page.click_popup_button()\n        with allure.step(\"Clicking login button\"):\n            self.login_page.click_login()\n        with allure.step(\"Verifying login success\"):\n>           assert \"Dashboard\" in self.driver.title\nE           assert 'Dashboard' in 'Login | Mall Logistics Panel'\nE            +  where 'Login | Mall Logistics Panel' = <selenium.webdriver.chrome.webdriver.WebDriver (session=\"9dfdce9afb656a988107ef83026f7b53\")>.title\nE            +    where <selenium.webdriver.chrome.webdriver.WebDriver (session=\"9dfdce9afb656a988107ef83026f7b53\")> = <test_login.TestSuite object at 0x102a61ee0>.driver\n\nTests/test_login.py:31: AssertionError"}, "steps": [{"name": "Entering username", "status": "passed", "start": 1726607216206, "stop": 1726607218329}, {"name": "Entering password", "status": "passed", "start": 1726607218330, "stop": 1726607218382}, {"name": "Clicking checkbox", "status": "passed", "start": 1726607218382, "stop": 1726607220436}, {"name": "Clicking pop-up confirmation button", "status": "passed", "start": 1726607220437, "stop": 1726607220493}, {"name": "Clicking login button", "status": "passed", "start": 1726607220493, "stop": 1726607220701}, {"name": "Verifying login success", "status": "failed", "statusDetails": {"message": "AssertionError: assert 'Dashboard' in 'Login | Mall Logistics Panel'\n +  where 'Login | Mall Logistics Panel' = <selenium.webdriver.chrome.webdriver.WebDriver (session=\"9dfdce9afb656a988107ef83026f7b53\")>.title\n +    where <selenium.webdriver.chrome.webdriver.WebDriver (session=\"9dfdce9afb656a988107ef83026f7b53\")> = <test_login.TestSuite object at 0x102a61ee0>.driver\n", "trace": "  File \"/Users/ugurakyay/Desktop/easyPoint_WEB_Automation/Admin_Panel_Automation/Tests/test_login.py\", line 31, in test_valid_login\n    assert \"Dashboard\" in self.driver.title\n"}, "start": 1726607220701, "stop": 1726607220703}], "start": 1726607216206, "stop": 1726607220705, "uuid": "665e5f31-1ed4-465a-bf43-aa62a583804b", "historyId": "936f0909ceb353d54c0c2646e1c9a197", "testCaseId": "936f0909ceb353d54c0c2646e1c9a197", "fullName": "Tests.test_login.TestSuite#test_valid_login", "labels": [{"name": "feature", "value": "Login Feature"}, {"name": "story", "value": "Successful Login"}, {"name": "severity", "value": "critical"}, {"name": "parentSuite", "value": "Tests"}, {"name": "suite", "value": "test_login"}, {"name": "subSuite", "value": "TestSuite"}, {"name": "host", "value": "ugur-MacBook-Pro.local"}, {"name": "thread", "value": "10575-MainThread"}, {"name": "framework", "value": "pytest"}, {"name": "language", "value": "cpython3"}, {"name": "package", "value": "Tests.test_login"}]}