{"name": "test_valid_login", "status": "failed", "statusDetails": {"message": "AssertionError: assert 'Dashboard' in 'Login | Mall Logistics Panel'\n +  where 'Login | Mall Logistics Panel' = <selenium.webdriver.chrome.webdriver.WebDriver (session=\"8fad24286ed6b1b121b5353e665fa06a\")>.title\n +    where <selenium.webdriver.chrome.webdriver.WebDriver (session=\"8fad24286ed6b1b121b5353e665fa06a\")> = <test_login.TestSuite object at 0x1021f0c40>.driver", "trace": "self = <test_login.TestSuite object at 0x1021f0c40>\n\n    @allure.story('Successful Login')\n    @allure.severity(allure.severity_level.CRITICAL)\n    def test_valid_login(self):\n        with allure.step(\"Entering username\"):\n            self.login_page.enter_username(USERNAME)\n        with allure.step(\"Entering password\"):\n            self.login_page.enter_password(PASSWORD)\n        with allure.step(\"Clicking checkbox\"):\n            self.login_page.click_checkbox()\n        with allure.step(\"Clicking pop-up confirmation button\"):\n            self.login_page.click_popup_button()\n        with allure.step(\"Clicking login button\"):\n            self.login_page.click_login()\n        with allure.step(\"Verifying login success\"):\n>           assert \"Dashboard\" in self.driver.title\nE           assert 'Dashboard' in 'Login | Mall Logistics Panel'\nE            +  where 'Login | Mall Logistics Panel' = <selenium.webdriver.chrome.webdriver.WebDriver (session=\"8fad24286ed6b1b121b5353e665fa06a\")>.title\nE            +    where <selenium.webdriver.chrome.webdriver.WebDriver (session=\"8fad24286ed6b1b121b5353e665fa06a\")> = <test_login.TestSuite object at 0x1021f0c40>.driver\n\nTests/test_login.py:31: AssertionError"}, "steps": [{"name": "Entering username", "status": "passed", "start": 1726606953610, "stop": 1726606955721}, {"name": "Entering password", "status": "passed", "start": 1726606955721, "stop": 1726606955774}, {"name": "Clicking checkbox", "status": "passed", "start": 1726606955774, "stop": 1726606955831}, {"name": "Clicking pop-up confirmation button", "status": "passed", "start": 1726606955831, "stop": 1726606955860}, {"name": "Clicking login button", "status": "passed", "start": 1726606955860, "stop": 1726606956114}, {"name": "Verifying login success", "status": "failed", "statusDetails": {"message": "AssertionError: assert 'Dashboard' in 'Login | Mall Logistics Panel'\n +  where 'Login | Mall Logistics Panel' = <selenium.webdriver.chrome.webdriver.WebDriver (session=\"8fad24286ed6b1b121b5353e665fa06a\")>.title\n +    where <selenium.webdriver.chrome.webdriver.WebDriver (session=\"8fad24286ed6b1b121b5353e665fa06a\")> = <test_login.TestSuite object at 0x1021f0c40>.driver\n", "trace": "  File \"/Users/ugurakyay/Desktop/easyPoint_WEB_Automation/Admin_Panel_Automation/Tests/test_login.py\", line 31, in test_valid_login\n    assert \"Dashboard\" in self.driver.title\n"}, "start": 1726606956114, "stop": 1726606956117}], "start": 1726606953610, "stop": 1726606956118, "uuid": "6bec3e72-103f-4c9a-8864-30afde404d3d", "historyId": "936f0909ceb353d54c0c2646e1c9a197", "testCaseId": "936f0909ceb353d54c0c2646e1c9a197", "fullName": "Tests.test_login.TestSuite#test_valid_login", "labels": [{"name": "severity", "value": "critical"}, {"name": "story", "value": "Successful Login"}, {"name": "feature", "value": "Login Feature"}, {"name": "parentSuite", "value": "Tests"}, {"name": "suite", "value": "test_login"}, {"name": "subSuite", "value": "TestSuite"}, {"name": "host", "value": "ugur-MacBook-Pro.local"}, {"name": "thread", "value": "10299-MainThread"}, {"name": "framework", "value": "pytest"}, {"name": "language", "value": "cpython3"}, {"name": "package", "value": "Tests.test_login"}]}